EPGGrid.js:68 Program: Morning News
EPGGrid.js:69 Start Time: Invalid Date
EPGGrid.js:70 End Time: Invalid Date
EPGGrid.js:71 Duration in Minutes: NaN
EPGGrid.js:72 Duration in Slots: NaN
EPGGrid.js:73 Start Slot Index: -1
EPGGrid.js:74 Left Offset: 140px
EPGGrid.js:68 Program: Daily Talk Show
EPGGrid.js:69 Start Time: Invalid Date
EPGGrid.js:70 End Time: Invalid Date
EPGGrid.js:71 Duration in Minutes: NaN
EPGGrid.js:72 Duration in Slots: NaN
EPGGrid.js:73 Start Slot Index: -1
EPGGrid.js:74 Left Offset: 140px
EPGGrid.js:68 Program: Cooking Show
EPGGrid.js:69 Start Time: Invalid Date
EPGGrid.js:70 End Time: Invalid Date
EPGGrid.js:71 Duration in Minutes: NaN
EPGGrid.js:72 Duration in Slots: NaN
EPGGrid.js:73 Start Slot Index: -1
EPGGrid.js:74 Left Offset: 140px
