EPGGrid.js:90 Time slots: Array(1)
EPGGrid.js:156 Grouped Data: Object
EPGGrid.js:157 Sorted Channels: Array(0)
EPGGrid.js:70 Starting data fetch simulation...
EPGGrid.js:86 Processed data: Array(0)
EPGGrid.js:90 Time slots: Array(1)
EPGGrid.js:156 Grouped Data: Object[[Prototype]]: Objectconstructor: ƒ Object()hasOwnProperty: ƒ hasOwnProperty()isPrototypeOf: ƒ isPrototypeOf()propertyIsEnumerable: ƒ propertyIsEnumerable()toLocaleString: ƒ toLocaleString()toString: ƒ toString()valueOf: ƒ valueOf()__defineGetter__: ƒ __defineGetter__()__defineSetter__: ƒ __defineSetter__()__lookupGetter__: ƒ __lookupGetter__()__lookupSetter__: ƒ __lookupSetter__()__proto__: (...)get __proto__: ƒ __proto__()set __proto__: ƒ __proto__()
EPGGrid.js:157 Sorted Channels: Array(0)length: 0[[Prototype]]: Array(0)at: ƒ at()concat: ƒ concat()constructor: ƒ Array()copyWithin: ƒ copyWithin()entries: ƒ entries()every: ƒ every()fill: ƒ fill()filter: ƒ filter()find: ƒ find()findIndex: ƒ findIndex()findLast: ƒ findLast()findLastIndex: ƒ findLastIndex()flat: ƒ flat()flatMap: ƒ flatMap()forEach: ƒ forEach()includes: ƒ includes()indexOf: ƒ indexOf()join: ƒ join()keys: ƒ keys()lastIndexOf: ƒ lastIndexOf()length: 0map: ƒ map()pop: ƒ pop()push: ƒ push()reduce: ƒ reduce()reduceRight: ƒ reduceRight()reverse: ƒ reverse()shift: ƒ shift()slice: ƒ slice()some: ƒ some()sort: ƒ sort()splice: ƒ splice()toLocaleString: ƒ toLocaleString()toReversed: ƒ toReversed()toSorted: ƒ toSorted()toSpliced: ƒ toSpliced()toString: ƒ toString()unshift: ƒ unshift()values: ƒ values()with: ƒ with()Symbol(Symbol.iterator): ƒ values()Symbol(Symbol.unscopables): {at: true, copyWithin: true, entries: true, fill: true, find: true, …}[[Prototype]]: Object
EPGGrid.js:90 Time slots: Array(1)
EPGGrid.js:156 Grouped Data: Object
EPGGrid.js:157 Sorted Channels: Array(0)
EPGGrid.js:90 Time slots: Array(1)
EPGGrid.js:156 Grouped Data: Object
EPGGrid.js:157 Sorted Channels: Array(0)
EPGGrid.js:70 Starting data fetch simulation...
EPGGrid.js:86 Processed data: Object
EPGGrid.js:74 Data fetch completed
EPGGrid.js:90 Time slots: Array(113)
EPGGrid.js:156 Grouped Data: Object
EPGGrid.js:157 Sorted Channels: Array(0)
EPGGrid.js:90 Time slots: Array(113)
EPGGrid.js:156 Grouped Data: Object
EPGGrid.js:157 Sorted Channels: Array(0)
EPGGrid.js:74 Data fetch completed
EPGGrid.js:90 Time slots: (113) ['2024-08-07 20:00', '2024-08-07 20:30', '2024-08-07 21:00', '2024-08-07 21:30', '2024-08-07 22:00', '2024-08-07 22:30', '2024-08-07 23:00', '2024-08-07 23:30', '2024-08-08 00:00', '2024-08-08 00:30', '2024-08-08 01:00', '2024-08-08 01:30', '2024-08-08 02:00', '2024-08-08 02:30', '2024-08-08 03:00', '2024-08-08 03:30', '2024-08-08 04:00', '2024-08-08 04:30', '2024-08-08 05:00', '2024-08-08 05:30', '2024-08-08 06:00', '2024-08-08 06:30', '2024-08-08 07:00', '2024-08-08 07:30', '2024-08-08 08:00', '2024-08-08 08:30', '2024-08-08 09:00', '2024-08-08 09:30', '2024-08-08 10:00', '2024-08-08 10:30', '2024-08-08 11:00', '2024-08-08 11:30', '2024-08-08 12:00', '2024-08-08 12:30', '2024-08-08 13:00', '2024-08-08 13:30', '2024-08-08 14:00', '2024-08-08 14:30', '2024-08-08 15:00', '2024-08-08 15:30', '2024-08-08 16:00', '2024-08-08 16:30', '2024-08-08 17:00', '2024-08-08 17:30', '2024-08-08 18:00', '2024-08-08 18:30', '2024-08-08 19:00', '2024-08-08 19:30', '2024-08-08 20:00', '2024-08-08 20:30', '2024-08-08 21:00', '2024-08-08 21:30', '2024-08-08 22:00', '2024-08-08 22:30', '2024-08-08 23:00', '2024-08-08 23:30', '2024-08-09 00:00', '2024-08-09 00:30', '2024-08-09 01:00', '2024-08-09 01:30', '2024-08-09 02:00', '2024-08-09 02:30', '2024-08-09 03:00', '2024-08-09 03:30', '2024-08-09 04:00', '2024-08-09 04:30', '2024-08-09 05:00', '2024-08-09 05:30', '2024-08-09 06:00', '2024-08-09 06:30', '2024-08-09 07:00', '2024-08-09 07:30', '2024-08-09 08:00', '2024-08-09 08:30', '2024-08-09 09:00', '2024-08-09 09:30', '2024-08-09 10:00', '2024-08-09 10:30', '2024-08-09 11:00', '2024-08-09 11:30', '2024-08-09 12:00', '2024-08-09 12:30', '2024-08-09 13:00', '2024-08-09 13:30', '2024-08-09 14:00', '2024-08-09 14:30', '2024-08-09 15:00', '2024-08-09 15:30', '2024-08-09 16:00', '2024-08-09 16:30', '2024-08-09 17:00', '2024-08-09 17:30', '2024-08-09 18:00', '2024-08-09 18:30', '2024-08-09 19:00', '2024-08-09 19:30', '2024-08-09 20:00', '2024-08-09 20:30', '2024-08-09 21:00', '2024-08-09 21:30', …]
EPGGrid.js:156 Grouped Data: {}
EPGGrid.js:157 Sorted Channels: []
EPGGrid.js:90 Time slots: (113) ['2024-08-07 20:00', '2024-08-07 20:30', '2024-08-07 21:00', '2024-08-07 21:30', '2024-08-07 22:00', '2024-08-07 22:30', '2024-08-07 23:00', '2024-08-07 23:30', '2024-08-08 00:00', '2024-08-08 00:30', '2024-08-08 01:00', '2024-08-08 01:30', '2024-08-08 02:00', '2024-08-08 02:30', '2024-08-08 03:00', '2024-08-08 03:30', '2024-08-08 04:00', '2024-08-08 04:30', '2024-08-08 05:00', '2024-08-08 05:30', '2024-08-08 06:00', '2024-08-08 06:30', '2024-08-08 07:00', '2024-08-08 07:30', '2024-08-08 08:00', '2024-08-08 08:30', '2024-08-08 09:00', '2024-08-08 09:30', '2024-08-08 10:00', '2024-08-08 10:30', '2024-08-08 11:00', '2024-08-08 11:30', '2024-08-08 12:00', '2024-08-08 12:30', '2024-08-08 13:00', '2024-08-08 13:30', '2024-08-08 14:00', '2024-08-08 14:30', '2024-08-08 15:00', '2024-08-08 15:30', '2024-08-08 16:00', '2024-08-08 16:30', '2024-08-08 17:00', '2024-08-08 17:30', '2024-08-08 18:00', '2024-08-08 18:30', '2024-08-08 19:00', '2024-08-08 19:30', '2024-08-08 20:00', '2024-08-08 20:30', '2024-08-08 21:00', '2024-08-08 21:30', '2024-08-08 22:00', '2024-08-08 22:30', '2024-08-08 23:00', '2024-08-08 23:30', '2024-08-09 00:00', '2024-08-09 00:30', '2024-08-09 01:00', '2024-08-09 01:30', '2024-08-09 02:00', '2024-08-09 02:30', '2024-08-09 03:00', '2024-08-09 03:30', '2024-08-09 04:00', '2024-08-09 04:30', '2024-08-09 05:00', '2024-08-09 05:30', '2024-08-09 06:00', '2024-08-09 06:30', '2024-08-09 07:00', '2024-08-09 07:30', '2024-08-09 08:00', '2024-08-09 08:30', '2024-08-09 09:00', '2024-08-09 09:30', '2024-08-09 10:00', '2024-08-09 10:30', '2024-08-09 11:00', '2024-08-09 11:30', '2024-08-09 12:00', '2024-08-09 12:30', '2024-08-09 13:00', '2024-08-09 13:30', '2024-08-09 14:00', '2024-08-09 14:30', '2024-08-09 15:00', '2024-08-09 15:30', '2024-08-09 16:00', '2024-08-09 16:30', '2024-08-09 17:00', '2024-08-09 17:30', '2024-08-09 18:00', '2024-08-09 18:30', '2024-08-09 19:00', '2024-08-09 19:30', '2024-08-09 20:00', '2024-08-09 20:30', '2024-08-09 21:00', '2024-08-09 21:30', …]
EPGGrid.js:156 Grouped Data: {}
EPGGrid.js:157 Sorted Channels: []
